{
  "RSpec": {
    "coverage": {
      "/Users/student/Projects/pairing/wk4/bookmarks/spec/features/viewing_bookmarks_spec.rb": [
        1,
        1,
        1,
        1,
        null,
        null,
        1,
        1,
        1,
        null,
        null
      ],
      "/Users/student/Projects/pairing/wk4/bookmarks/spec/units/bookmark_spec.rb": [
        1,
        1,
        1,
        1,
        null,
        null,
        1,
        1,
        1,
        null,
        null,
        1,
        1,
        1,
        null,
        null
      ]
    },
    "timestamp": 1551109142
  }
}
