{
  "RSpec": {
    "coverage": {
      "/Users/soroushkhosravi/projects/bookmarks/spec/features/create_bookmark_spec.rb": [
        1,
        1,
        1,
        1,
        1,
        1,
        null,
        null
      ],
      "/Users/soroushkhosravi/projects/bookmarks/spec/features/viewing_bookmarks_spec.rb": [
        null,
        1,
        null,
        1,
        1,
        1,
        null,
        null,
        1,
        1,
        1,
        null,
        1,
        null,
        1,
        1,
        1,
        null,
        null
      ],
      "/Users/soroushkhosravi/projects/bookmarks/spec/units/bookmark_spec.rb": [
        1,
        1,
        1,
        1,
        1,
        null,
        null,
        1,
        1,
        1,
        null,
        1,
        null,
        1,
        1,
        1,
        null,
        null,
        null,
        1,
        1,
        1,
        1,
        null,
        null,
        null
      ]
    },
    "timestamp": 1551280943
  }
}
